{"/home/leon/dev/a_dev_bossGID/a_gid_M2/qualimetrie/app.js": {"path":"/home/leon/dev/a_dev_bossGID/a_gid_M2/qualimetrie/app.js","statementMap":{"0":{"start":{"line":10,"column":2},"end":{"line":10,"column":29}},"1":{"start":{"line":14,"column":2},"end":{"line":14,"column":26}},"2":{"start":{"line":21,"column":20},"end":{"line":28,"column":1}},"3":{"start":{"line":31,"column":2},"end":{"line":31,"column":56}},"4":{"start":{"line":31,"column":32},"end":{"line":31,"column":56}},"5":{"start":{"line":33,"column":2},"end":{"line":36,"column":3}},"6":{"start":{"line":35,"column":4},"end":{"line":35,"column":52}},"7":{"start":{"line":35,"column":27},"end":{"line":35,"column":52}},"8":{"start":{"line":37,"column":2},"end":{"line":37,"column":20}},"9":{"start":{"line":46,"column":2},"end":{"line":46,"column":53}},"10":{"start":{"line":46,"column":18},"end":{"line":46,"column":53}},"11":{"start":{"line":47,"column":2},"end":{"line":47,"column":39}},"12":{"start":{"line":47,"column":18},"end":{"line":47,"column":39}},"13":{"start":{"line":50,"column":20},"end":{"line":50,"column":74}},"14":{"start":{"line":51,"column":2},"end":{"line":51,"column":69}},"15":{"start":{"line":51,"column":32},"end":{"line":51,"column":69}},"16":{"start":{"line":54,"column":23},"end":{"line":54,"column":52}},"17":{"start":{"line":57,"column":2},"end":{"line":59,"column":3}},"18":{"start":{"line":58,"column":4},"end":{"line":58,"column":37}},"19":{"start":{"line":61,"column":2},"end":{"line":61,"column":22}},"20":{"start":{"line":69,"column":2},"end":{"line":69,"column":42}},"21":{"start":{"line":69,"column":32},"end":{"line":69,"column":42}},"22":{"start":{"line":71,"column":20},"end":{"line":71,"column":22}},"23":{"start":{"line":72,"column":2},"end":{"line":75,"column":3}},"24":{"start":{"line":74,"column":4},"end":{"line":74,"column":44}},"25":{"start":{"line":76,"column":2},"end":{"line":76,"column":19}},"26":{"start":{"line":80,"column":2},"end":{"line":80,"column":55}},"27":{"start":{"line":80,"column":43},"end":{"line":80,"column":55}},"28":{"start":{"line":81,"column":2},"end":{"line":81,"column":65}},"29":{"start":{"line":81,"column":29},"end":{"line":81,"column":65}},"30":{"start":{"line":82,"column":2},"end":{"line":82,"column":59}},"31":{"start":{"line":82,"column":26},"end":{"line":82,"column":59}},"32":{"start":{"line":83,"column":2},"end":{"line":83,"column":17}},"33":{"start":{"line":91,"column":2},"end":{"line":91,"column":38}},"34":{"start":{"line":91,"column":29},"end":{"line":91,"column":38}},"35":{"start":{"line":93,"column":14},"end":{"line":93,"column":15}},"36":{"start":{"line":94,"column":2},"end":{"line":99,"column":3}},"37":{"start":{"line":96,"column":4},"end":{"line":98,"column":5}},"38":{"start":{"line":97,"column":6},"end":{"line":97,"column":20}},"39":{"start":{"line":100,"column":2},"end":{"line":100,"column":15}},"40":{"start":{"line":114,"column":0},"end":{"line":118,"column":2}}},"fnMap":{"0":{"name":"hasAnciennete","decl":{"start":{"line":9,"column":9},"end":{"line":9,"column":22}},"loc":{"start":{"line":9,"column":42},"end":{"line":11,"column":1}},"line":9},"1":{"name":"hasProjets","decl":{"start":{"line":13,"column":9},"end":{"line":13,"column":19}},"loc":{"start":{"line":13,"column":36},"end":{"line":15,"column":1}},"line":13},"2":{"name":"getAppreciationByScore","decl":{"start":{"line":30,"column":9},"end":{"line":30,"column":31}},"loc":{"start":{"line":30,"column":39},"end":{"line":38,"column":1}},"line":30},"3":{"name":"evaluerPerformance","decl":{"start":{"line":44,"column":9},"end":{"line":44,"column":27}},"loc":{"start":{"line":44,"column":56},"end":{"line":62,"column":1}},"line":44},"4":{"name":"analyserDonnees","decl":{"start":{"line":68,"column":9},"end":{"line":68,"column":24}},"loc":{"start":{"line":68,"column":35},"end":{"line":77,"column":1}},"line":68},"5":{"name":"traiterElement","decl":{"start":{"line":79,"column":9},"end":{"line":79,"column":23}},"loc":{"start":{"line":79,"column":33},"end":{"line":84,"column":1}},"line":79},"6":{"name":"calculateTotal","decl":{"start":{"line":90,"column":9},"end":{"line":90,"column":23}},"loc":{"start":{"line":90,"column":31},"end":{"line":101,"column":1}},"line":90}},"branchMap":{"0":{"loc":{"start":{"line":31,"column":2},"end":{"line":31,"column":56}},"type":"if","locations":[{"start":{"line":31,"column":2},"end":{"line":31,"column":56}},{"start":{},"end":{}}],"line":31},"1":{"loc":{"start":{"line":31,"column":6},"end":{"line":31,"column":30}},"type":"binary-expr","locations":[{"start":{"line":31,"column":6},"end":{"line":31,"column":15}},{"start":{"line":31,"column":19},"end":{"line":31,"column":30}}],"line":31},"2":{"loc":{"start":{"line":35,"column":4},"end":{"line":35,"column":52}},"type":"if","locations":[{"start":{"line":35,"column":4},"end":{"line":35,"column":52}},{"start":{},"end":{}}],"line":35},"3":{"loc":{"start":{"line":46,"column":2},"end":{"line":46,"column":53}},"type":"if","locations":[{"start":{"line":46,"column":2},"end":{"line":46,"column":53}},{"start":{},"end":{}}],"line":46},"4":{"loc":{"start":{"line":47,"column":2},"end":{"line":47,"column":39}},"type":"if","locations":[{"start":{"line":47,"column":2},"end":{"line":47,"column":39}},{"start":{},"end":{}}],"line":47},"5":{"loc":{"start":{"line":50,"column":20},"end":{"line":50,"column":74}},"type":"binary-expr","locations":[{"start":{"line":50,"column":20},"end":{"line":50,"column":48}},{"start":{"line":50,"column":52},"end":{"line":50,"column":74}}],"line":50},"6":{"loc":{"start":{"line":51,"column":2},"end":{"line":51,"column":69}},"type":"if","locations":[{"start":{"line":51,"column":2},"end":{"line":51,"column":69}},{"start":{},"end":{}}],"line":51},"7":{"loc":{"start":{"line":51,"column":6},"end":{"line":51,"column":30}},"type":"binary-expr","locations":[{"start":{"line":51,"column":6},"end":{"line":51,"column":15}},{"start":{"line":51,"column":19},"end":{"line":51,"column":30}}],"line":51},"8":{"loc":{"start":{"line":57,"column":2},"end":{"line":59,"column":3}},"type":"if","locations":[{"start":{"line":57,"column":2},"end":{"line":59,"column":3}},{"start":{},"end":{}}],"line":57},"9":{"loc":{"start":{"line":57,"column":6},"end":{"line":57,"column":60}},"type":"binary-expr","locations":[{"start":{"line":57,"column":6},"end":{"line":57,"column":34}},{"start":{"line":57,"column":38},"end":{"line":57,"column":60}}],"line":57},"10":{"loc":{"start":{"line":69,"column":2},"end":{"line":69,"column":42}},"type":"if","locations":[{"start":{"line":69,"column":2},"end":{"line":69,"column":42}},{"start":{},"end":{}}],"line":69},"11":{"loc":{"start":{"line":80,"column":2},"end":{"line":80,"column":55}},"type":"if","locations":[{"start":{"line":80,"column":2},"end":{"line":80,"column":55}},{"start":{},"end":{}}],"line":80},"12":{"loc":{"start":{"line":80,"column":6},"end":{"line":80,"column":41}},"type":"binary-expr","locations":[{"start":{"line":80,"column":6},"end":{"line":80,"column":14}},{"start":{"line":80,"column":18},"end":{"line":80,"column":41}}],"line":80},"13":{"loc":{"start":{"line":81,"column":2},"end":{"line":81,"column":65}},"type":"if","locations":[{"start":{"line":81,"column":2},"end":{"line":81,"column":65}},{"start":{},"end":{}}],"line":81},"14":{"loc":{"start":{"line":82,"column":2},"end":{"line":82,"column":59}},"type":"if","locations":[{"start":{"line":82,"column":2},"end":{"line":82,"column":59}},{"start":{},"end":{}}],"line":82},"15":{"loc":{"start":{"line":91,"column":2},"end":{"line":91,"column":38}},"type":"if","locations":[{"start":{"line":91,"column":2},"end":{"line":91,"column":38}},{"start":{},"end":{}}],"line":91},"16":{"loc":{"start":{"line":96,"column":4},"end":{"line":98,"column":5}},"type":"if","locations":[{"start":{"line":96,"column":4},"end":{"line":98,"column":5}},{"start":{},"end":{}}],"line":96},"17":{"loc":{"start":{"line":96,"column":8},"end":{"line":96,"column":48}},"type":"binary-expr","locations":[{"start":{"line":96,"column":8},"end":{"line":96,"column":32}},{"start":{"line":96,"column":36},"end":{"line":96,"column":48}}],"line":96}},"s":{"0":23,"1":11,"2":1,"3":10,"4":0,"5":10,"6":23,"7":10,"8":0,"9":19,"10":3,"11":16,"12":3,"13":13,"14":13,"15":3,"16":10,"17":10,"18":4,"19":6,"20":10,"21":4,"22":6,"23":6,"24":16,"25":6,"26":16,"27":4,"28":12,"29":3,"30":9,"31":3,"32":6,"33":12,"34":4,"35":8,"36":8,"37":24,"38":19,"39":8,"40":1},"f":{"0":23,"1":11,"2":10,"3":19,"4":10,"5":16,"6":12},"b":{"0":[0,10],"1":[10,10],"2":[10,13],"3":[3,16],"4":[3,13],"5":[13,3],"6":[3,10],"7":[13,3],"8":[4,6],"9":[10,8],"10":[4,6],"11":[4,12],"12":[16,14],"13":[3,9],"14":[3,6],"15":[4,8],"16":[19,5],"17":[24,19]},"_coverageSchema":"1a1c01bbd47fc00a2c39e90264f33305004495a9","hash":"54ad1c611bef42397e74a215b774d97898c7c00b"}
}
