{"/home/leon/dev/a_dev_bossGID/a_gid_M2/qualimetrie/app.js": {"path":"/home/leon/dev/a_dev_bossGID/a_gid_M2/qualimetrie/app.js","statementMap":{"0":{"start":{"line":6,"column":2},"end":{"line":6,"column":29}},"1":{"start":{"line":10,"column":2},"end":{"line":10,"column":26}},"2":{"start":{"line":17,"column":20},"end":{"line":24,"column":1}},"3":{"start":{"line":27,"column":2},"end":{"line":27,"column":56}},"4":{"start":{"line":27,"column":32},"end":{"line":27,"column":56}},"5":{"start":{"line":29,"column":2},"end":{"line":31,"column":3}},"6":{"start":{"line":30,"column":4},"end":{"line":30,"column":52}},"7":{"start":{"line":30,"column":27},"end":{"line":30,"column":52}},"8":{"start":{"line":32,"column":2},"end":{"line":32,"column":20}},"9":{"start":{"line":41,"column":2},"end":{"line":41,"column":53}},"10":{"start":{"line":41,"column":18},"end":{"line":41,"column":53}},"11":{"start":{"line":44,"column":2},"end":{"line":44,"column":39}},"12":{"start":{"line":44,"column":18},"end":{"line":44,"column":39}},"13":{"start":{"line":47,"column":20},"end":{"line":47,"column":74}},"14":{"start":{"line":48,"column":2},"end":{"line":48,"column":69}},"15":{"start":{"line":48,"column":32},"end":{"line":48,"column":69}},"16":{"start":{"line":51,"column":23},"end":{"line":51,"column":52}},"17":{"start":{"line":54,"column":2},"end":{"line":56,"column":3}},"18":{"start":{"line":55,"column":4},"end":{"line":55,"column":37}},"19":{"start":{"line":58,"column":2},"end":{"line":58,"column":22}},"20":{"start":{"line":68,"column":2},"end":{"line":68,"column":27}},"21":{"start":{"line":68,"column":17},"end":{"line":68,"column":27}},"22":{"start":{"line":69,"column":2},"end":{"line":69,"column":42}},"23":{"start":{"line":69,"column":32},"end":{"line":69,"column":42}},"24":{"start":{"line":72,"column":2},"end":{"line":72,"column":39}},"25":{"start":{"line":72,"column":29},"end":{"line":72,"column":39}},"26":{"start":{"line":75,"column":20},"end":{"line":75,"column":22}},"27":{"start":{"line":77,"column":2},"end":{"line":104,"column":3}},"28":{"start":{"line":77,"column":15},"end":{"line":77,"column":16}},"29":{"start":{"line":78,"column":20},"end":{"line":78,"column":31}},"30":{"start":{"line":81,"column":4},"end":{"line":83,"column":5}},"31":{"start":{"line":82,"column":6},"end":{"line":82,"column":15}},"32":{"start":{"line":86,"column":4},"end":{"line":88,"column":5}},"33":{"start":{"line":87,"column":6},"end":{"line":87,"column":15}},"34":{"start":{"line":91,"column":27},"end":{"line":91,"column":41}},"35":{"start":{"line":94,"column":4},"end":{"line":96,"column":5}},"36":{"start":{"line":95,"column":6},"end":{"line":95,"column":35}},"37":{"start":{"line":99,"column":4},"end":{"line":101,"column":5}},"38":{"start":{"line":100,"column":6},"end":{"line":100,"column":32}},"39":{"start":{"line":103,"column":4},"end":{"line":103,"column":35}},"40":{"start":{"line":106,"column":2},"end":{"line":106,"column":19}},"41":{"start":{"line":115,"column":2},"end":{"line":115,"column":38}},"42":{"start":{"line":115,"column":29},"end":{"line":115,"column":38}},"43":{"start":{"line":118,"column":2},"end":{"line":118,"column":35}},"44":{"start":{"line":118,"column":26},"end":{"line":118,"column":35}},"45":{"start":{"line":120,"column":14},"end":{"line":120,"column":15}},"46":{"start":{"line":121,"column":2},"end":{"line":126,"column":3}},"47":{"start":{"line":123,"column":4},"end":{"line":125,"column":5}},"48":{"start":{"line":124,"column":6},"end":{"line":124,"column":20}},"49":{"start":{"line":127,"column":2},"end":{"line":127,"column":15}},"50":{"start":{"line":134,"column":0},"end":{"line":138,"column":2}}},"fnMap":{"0":{"name":"hasAnciennete","decl":{"start":{"line":5,"column":9},"end":{"line":5,"column":22}},"loc":{"start":{"line":5,"column":42},"end":{"line":7,"column":1}},"line":5},"1":{"name":"hasProjets","decl":{"start":{"line":9,"column":9},"end":{"line":9,"column":19}},"loc":{"start":{"line":9,"column":36},"end":{"line":11,"column":1}},"line":9},"2":{"name":"getAppreciationByScore","decl":{"start":{"line":26,"column":9},"end":{"line":26,"column":31}},"loc":{"start":{"line":26,"column":39},"end":{"line":33,"column":1}},"line":26},"3":{"name":"evaluerPerformance","decl":{"start":{"line":39,"column":9},"end":{"line":39,"column":27}},"loc":{"start":{"line":39,"column":56},"end":{"line":59,"column":1}},"line":39},"4":{"name":"analyserDonnees","decl":{"start":{"line":66,"column":9},"end":{"line":66,"column":24}},"loc":{"start":{"line":66,"column":35},"end":{"line":107,"column":1}},"line":66},"5":{"name":"calculateTotal","decl":{"start":{"line":113,"column":9},"end":{"line":113,"column":23}},"loc":{"start":{"line":113,"column":31},"end":{"line":128,"column":1}},"line":113}},"branchMap":{"0":{"loc":{"start":{"line":27,"column":2},"end":{"line":27,"column":56}},"type":"if","locations":[{"start":{"line":27,"column":2},"end":{"line":27,"column":56}},{"start":{},"end":{}}],"line":27},"1":{"loc":{"start":{"line":27,"column":6},"end":{"line":27,"column":30}},"type":"binary-expr","locations":[{"start":{"line":27,"column":6},"end":{"line":27,"column":15}},{"start":{"line":27,"column":19},"end":{"line":27,"column":30}}],"line":27},"2":{"loc":{"start":{"line":30,"column":4},"end":{"line":30,"column":52}},"type":"if","locations":[{"start":{"line":30,"column":4},"end":{"line":30,"column":52}},{"start":{},"end":{}}],"line":30},"3":{"loc":{"start":{"line":41,"column":2},"end":{"line":41,"column":53}},"type":"if","locations":[{"start":{"line":41,"column":2},"end":{"line":41,"column":53}},{"start":{},"end":{}}],"line":41},"4":{"loc":{"start":{"line":44,"column":2},"end":{"line":44,"column":39}},"type":"if","locations":[{"start":{"line":44,"column":2},"end":{"line":44,"column":39}},{"start":{},"end":{}}],"line":44},"5":{"loc":{"start":{"line":47,"column":20},"end":{"line":47,"column":74}},"type":"binary-expr","locations":[{"start":{"line":47,"column":20},"end":{"line":47,"column":48}},{"start":{"line":47,"column":52},"end":{"line":47,"column":74}}],"line":47},"6":{"loc":{"start":{"line":48,"column":2},"end":{"line":48,"column":69}},"type":"if","locations":[{"start":{"line":48,"column":2},"end":{"line":48,"column":69}},{"start":{},"end":{}}],"line":48},"7":{"loc":{"start":{"line":48,"column":6},"end":{"line":48,"column":30}},"type":"binary-expr","locations":[{"start":{"line":48,"column":6},"end":{"line":48,"column":15}},{"start":{"line":48,"column":19},"end":{"line":48,"column":30}}],"line":48},"8":{"loc":{"start":{"line":54,"column":2},"end":{"line":56,"column":3}},"type":"if","locations":[{"start":{"line":54,"column":2},"end":{"line":56,"column":3}},{"start":{},"end":{}}],"line":54},"9":{"loc":{"start":{"line":54,"column":6},"end":{"line":54,"column":60}},"type":"binary-expr","locations":[{"start":{"line":54,"column":6},"end":{"line":54,"column":34}},{"start":{"line":54,"column":38},"end":{"line":54,"column":60}}],"line":54},"10":{"loc":{"start":{"line":68,"column":2},"end":{"line":68,"column":27}},"type":"if","locations":[{"start":{"line":68,"column":2},"end":{"line":68,"column":27}},{"start":{},"end":{}}],"line":68},"11":{"loc":{"start":{"line":69,"column":2},"end":{"line":69,"column":42}},"type":"if","locations":[{"start":{"line":69,"column":2},"end":{"line":69,"column":42}},{"start":{},"end":{}}],"line":69},"12":{"loc":{"start":{"line":72,"column":2},"end":{"line":72,"column":39}},"type":"if","locations":[{"start":{"line":72,"column":2},"end":{"line":72,"column":39}},{"start":{},"end":{}}],"line":72},"13":{"loc":{"start":{"line":81,"column":4},"end":{"line":83,"column":5}},"type":"if","locations":[{"start":{"line":81,"column":4},"end":{"line":83,"column":5}},{"start":{},"end":{}}],"line":81},"14":{"loc":{"start":{"line":81,"column":8},"end":{"line":81,"column":49}},"type":"binary-expr","locations":[{"start":{"line":81,"column":8},"end":{"line":81,"column":24}},{"start":{"line":81,"column":28},"end":{"line":81,"column":49}}],"line":81},"15":{"loc":{"start":{"line":86,"column":4},"end":{"line":88,"column":5}},"type":"if","locations":[{"start":{"line":86,"column":4},"end":{"line":88,"column":5}},{"start":{},"end":{}}],"line":86},"16":{"loc":{"start":{"line":94,"column":4},"end":{"line":96,"column":5}},"type":"if","locations":[{"start":{"line":94,"column":4},"end":{"line":96,"column":5}},{"start":{},"end":{}}],"line":94},"17":{"loc":{"start":{"line":99,"column":4},"end":{"line":101,"column":5}},"type":"if","locations":[{"start":{"line":99,"column":4},"end":{"line":101,"column":5}},{"start":{},"end":{}}],"line":99},"18":{"loc":{"start":{"line":115,"column":2},"end":{"line":115,"column":38}},"type":"if","locations":[{"start":{"line":115,"column":2},"end":{"line":115,"column":38}},{"start":{},"end":{}}],"line":115},"19":{"loc":{"start":{"line":118,"column":2},"end":{"line":118,"column":35}},"type":"if","locations":[{"start":{"line":118,"column":2},"end":{"line":118,"column":35}},{"start":{},"end":{}}],"line":118},"20":{"loc":{"start":{"line":123,"column":4},"end":{"line":125,"column":5}},"type":"if","locations":[{"start":{"line":123,"column":4},"end":{"line":125,"column":5}},{"start":{},"end":{}}],"line":123},"21":{"loc":{"start":{"line":123,"column":8},"end":{"line":123,"column":55}},"type":"binary-expr","locations":[{"start":{"line":123,"column":8},"end":{"line":123,"column":32}},{"start":{"line":123,"column":36},"end":{"line":123,"column":55}}],"line":123}},"s":{"0":23,"1":11,"2":1,"3":10,"4":0,"5":10,"6":23,"7":10,"8":0,"9":19,"10":3,"11":16,"12":3,"13":13,"14":13,"15":3,"16":10,"17":10,"18":4,"19":6,"20":10,"21":2,"22":8,"23":2,"24":6,"25":1,"26":5,"27":5,"28":5,"29":16,"30":16,"31":2,"32":14,"33":2,"34":12,"35":12,"36":3,"37":12,"38":3,"39":12,"40":5,"41":12,"42":4,"43":8,"44":1,"45":7,"46":7,"47":24,"48":19,"49":7,"50":1},"f":{"0":23,"1":11,"2":10,"3":19,"4":10,"5":12},"b":{"0":[0,10],"1":[10,10],"2":[10,13],"3":[3,16],"4":[3,13],"5":[13,3],"6":[3,10],"7":[13,3],"8":[4,6],"9":[10,8],"10":[2,8],"11":[2,6],"12":[1,5],"13":[2,14],"14":[16,15],"15":[2,12],"16":[3,9],"17":[3,9],"18":[4,8],"19":[1,7],"20":[19,5],"21":[24,19]},"_coverageSchema":"1a1c01bbd47fc00a2c39e90264f33305004495a9","hash":"3bdbee9311a4941b8542ebcce77879a6e911adc7"}
}
