TN:
SF:app.js
FN:9,hasAnciennete
FN:13,hasProjets
FN:30,getAppreciationByScore
FN:44,evaluerPerformance
FN:68,analyserDonnees
FN:79,traiterElement
FN:90,calculateTotal
FNF:7
FNH:7
FNDA:23,hasAnciennete
FNDA:11,hasProjets
FNDA:10,getAppreciationByScore
FNDA:19,evaluerPerformance
FNDA:10,analyserDonnees
FNDA:16,traiterElement
FNDA:12,calculateTotal
DA:10,23
DA:14,11
DA:21,1
DA:31,10
DA:33,10
DA:35,23
DA:37,0
DA:46,19
DA:47,16
DA:50,13
DA:51,13
DA:54,10
DA:57,10
DA:58,4
DA:61,6
DA:69,10
DA:71,6
DA:72,6
DA:74,16
DA:76,6
DA:80,16
DA:81,12
DA:82,9
DA:83,6
DA:91,12
DA:93,8
DA:94,8
DA:96,24
DA:97,19
DA:100,8
DA:114,1
LF:31
LH:30
BRDA:31,0,0,0
BRDA:31,0,1,10
BRDA:31,1,0,10
BRDA:31,1,1,10
BRDA:35,2,0,10
BRDA:35,2,1,13
BRDA:46,3,0,3
BRDA:46,3,1,16
BRDA:47,4,0,3
BRDA:47,4,1,13
BRDA:50,5,0,13
BRDA:50,5,1,3
BRDA:51,6,0,3
BRDA:51,6,1,10
BRDA:51,7,0,13
BRDA:51,7,1,3
BRDA:57,8,0,4
BRDA:57,8,1,6
BRDA:57,9,0,10
BRDA:57,9,1,8
BRDA:69,10,0,4
BRDA:69,10,1,6
BRDA:80,11,0,4
BRDA:80,11,1,12
BRDA:80,12,0,16
BRDA:80,12,1,14
BRDA:81,13,0,3
BRDA:81,13,1,9
BRDA:82,14,0,3
BRDA:82,14,1,6
BRDA:91,15,0,4
BRDA:91,15,1,8
BRDA:96,16,0,19
BRDA:96,16,1,5
BRDA:96,17,0,24
BRDA:96,17,1,19
BRF:36
BRH:35
end_of_record
