TN:
SF:app.js
FN:5,hasAnciennete
FN:9,hasProjets
FN:26,getAppreciationByScore
FN:39,evaluerPerformance
FN:66,analyserDonnees
FN:113,calculateTotal
FNF:6
FNH:6
FNDA:23,hasAnciennete
FNDA:11,hasProjets
FNDA:10,getAppreciationByScore
FNDA:19,evaluerPerformance
FNDA:10,analyserDonnees
FNDA:12,calculateTotal
DA:6,23
DA:10,11
DA:17,1
DA:27,10
DA:29,10
DA:30,23
DA:32,0
DA:41,19
DA:44,16
DA:47,13
DA:48,13
DA:51,10
DA:54,10
DA:55,4
DA:58,6
DA:68,10
DA:69,8
DA:72,6
DA:75,5
DA:77,5
DA:78,16
DA:81,16
DA:82,2
DA:86,14
DA:87,2
DA:91,12
DA:94,12
DA:95,3
DA:99,12
DA:100,3
DA:103,12
DA:106,5
DA:115,12
DA:118,8
DA:120,7
DA:121,7
DA:123,24
DA:124,19
DA:127,7
DA:134,1
LF:40
LH:39
BRDA:27,0,0,0
BRDA:27,0,1,10
BRDA:27,1,0,10
BRDA:27,1,1,10
BRDA:30,2,0,10
BRDA:30,2,1,13
BRDA:41,3,0,3
BRDA:41,3,1,16
BRDA:44,4,0,3
BRDA:44,4,1,13
BRDA:47,5,0,13
BRDA:47,5,1,3
BRDA:48,6,0,3
BRDA:48,6,1,10
BRDA:48,7,0,13
BRDA:48,7,1,3
BRDA:54,8,0,4
BRDA:54,8,1,6
BRDA:54,9,0,10
BRDA:54,9,1,8
BRDA:68,10,0,2
BRDA:68,10,1,8
BRDA:69,11,0,2
BRDA:69,11,1,6
BRDA:72,12,0,1
BRDA:72,12,1,5
BRDA:81,13,0,2
BRDA:81,13,1,14
BRDA:81,14,0,16
BRDA:81,14,1,15
BRDA:86,15,0,2
BRDA:86,15,1,12
BRDA:94,16,0,3
BRDA:94,16,1,9
BRDA:99,17,0,3
BRDA:99,17,1,9
BRDA:115,18,0,4
BRDA:115,18,1,8
BRDA:118,19,0,1
BRDA:118,19,1,7
BRDA:123,20,0,19
BRDA:123,20,1,5
BRDA:123,21,0,24
BRDA:123,21,1,19
BRF:44
BRH:43
end_of_record
